<?xml version="1.0" encoding="UTF-8"?>
<!-- Generated by org.testng.reporters.JUnitXMLReporter -->
<testsuite ignored="0" hostname="WKWZTP9hkzSNER5" failures="0" tests="3" name="Test" time="21.538" errors="0" timestamp="2022-11-29T22:25:58 IST">
  <testcase classname="jenkins.SmokeTest" name="RightPassword" time="3.74"/>
  <testcase classname="jenkins.SmokeTest" name="WrongPassword" time="1.19"/>
  <testcase classname="jenkins.SmokeTest" name="verifyBlank" time="0.208"/>
</testsuite> <!-- Test -->
