<?xml version="1.0" encoding="UTF-8"?>
<testng-results ignored="0" total="3" passed="3" failed="0" skipped="0">
  <reporter-output>
  </reporter-output>
  <suite started-at="2022-11-29T22:25:36 IST" name="Suite" finished-at="2022-11-29T22:25:58 IST" duration-ms="21538">
    <groups>
    </groups>
    <test started-at="2022-11-29T22:25:36 IST" name="Test" finished-at="2022-11-29T22:25:58 IST" duration-ms="21538">
      <class name="jenkins.SmokeTest">
        <test-method is-config="true" signature="setup()[pri:0, instance:jenkins.SmokeTest@7bd4937b]" started-at="2022-11-29T22:25:36 IST" name="setup" finished-at="2022-11-29T22:25:44 IST" duration-ms="7834" status="PASS">
          <reporter-output>
          </reporter-output>
        </test-method> <!-- setup -->
        <test-method signature="RightPassword()[pri:0, instance:jenkins.SmokeTest@7bd4937b]" started-at="2022-11-29T22:25:44 IST" name="RightPassword" finished-at="2022-11-29T22:25:48 IST" duration-ms="3740" status="PASS">
          <reporter-output>
          </reporter-output>
        </test-method> <!-- RightPassword -->
        <test-method is-config="true" signature="setup()[pri:0, instance:jenkins.SmokeTest@7bd4937b]" started-at="2022-11-29T22:25:48 IST" name="setup" finished-at="2022-11-29T22:25:52 IST" duration-ms="4206" status="PASS">
          <reporter-output>
          </reporter-output>
        </test-method> <!-- setup -->
        <test-method signature="WrongPassword()[pri:0, instance:jenkins.SmokeTest@7bd4937b]" started-at="2022-11-29T22:25:52 IST" name="WrongPassword" finished-at="2022-11-29T22:25:53 IST" duration-ms="1190" status="PASS">
          <reporter-output>
          </reporter-output>
        </test-method> <!-- WrongPassword -->
        <test-method is-config="true" signature="setup()[pri:0, instance:jenkins.SmokeTest@7bd4937b]" started-at="2022-11-29T22:25:53 IST" name="setup" finished-at="2022-11-29T22:25:58 IST" duration-ms="4333" status="PASS">
          <reporter-output>
          </reporter-output>
        </test-method> <!-- setup -->
        <test-method signature="verifyBlank()[pri:0, instance:jenkins.SmokeTest@7bd4937b]" started-at="2022-11-29T22:25:58 IST" name="verifyBlank" finished-at="2022-11-29T22:25:58 IST" duration-ms="208" status="PASS">
          <reporter-output>
          </reporter-output>
        </test-method> <!-- verifyBlank -->
      </class> <!-- jenkins.SmokeTest -->
    </test> <!-- Test -->
  </suite> <!-- Suite -->
</testng-results>
